{
  "nbformat": 4,
  "nbformat_minor": 0,
  "metadata": {
    "colab": {
      "name": "Untitled2.ipynb",
      "provenance": [],
      "authorship_tag": "ABX9TyPyNG0J4DEVW4YxqGPgPNtN",
      "include_colab_link": true
    },
    "kernelspec": {
      "name": "python3",
      "display_name": "Python 3"
    },
    "language_info": {
      "name": "python"
    }
  },
  "cells": [
    {
      "cell_type": "markdown",
      "metadata": {
        "id": "view-in-github",
        "colab_type": "text"
      },
      "source": [
        "<a href=\"https://colab.research.google.com/github/goraksh3/flight/blob/master/Pandas_EDA_profilling\" target=\"_parent\"><img src=\"https://colab.research.google.com/assets/colab-badge.svg\" alt=\"Open In Colab\"/></a>"
      ]
    },
    {
      "cell_type": "code",
      "execution_count": 18,
      "metadata": {
        "id": "G1TDeOuIRxAQ"
      },
      "outputs": [],
      "source": [
        "import numpy as np\n",
        "import pandas as pd\n",
        "import pandas_profiling as pp\n",
        "from pandas_profiling import ProfileReport"
      ]
    },
    {
      "cell_type": "code",
      "source": [
        "from sklearn.datasets import load_diabetes\n"
      ],
      "metadata": {
        "id": "_suAglGHR6Ya"
      },
      "execution_count": 2,
      "outputs": []
    },
    {
      "cell_type": "code",
      "source": [
        "diab_data=load_diabetes()\n",
        "df=pd.DataFrame(data=diab_data.data,columns=diab_data.feature_names)\n",
        "\n"
      ],
      "metadata": {
        "id": "KseC2Bb8R-5T"
      },
      "execution_count": 6,
      "outputs": []
    },
    {
      "cell_type": "code",
      "source": [
        "df.head()"
      ],
      "metadata": {
        "colab": {
          "base_uri": "https://localhost:8080/",
          "height": 206
        },
        "id": "95Bh5LuzR_L1",
        "outputId": "4df053b7-4797-49a7-ecc7-5f15e56fd78a"
      },
      "execution_count": 8,
      "outputs": [
        {
          "output_type": "execute_result",
          "data": {
            "text/html": [
              "\n",
              "  <div id=\"df-5b3f6d9d-8483-4c3a-b21a-615becd2ec2e\">\n",
              "    <div class=\"colab-df-container\">\n",
              "      <div>\n",
              "<style scoped>\n",
              "    .dataframe tbody tr th:only-of-type {\n",
              "        vertical-align: middle;\n",
              "    }\n",
              "\n",
              "    .dataframe tbody tr th {\n",
              "        vertical-align: top;\n",
              "    }\n",
              "\n",
              "    .dataframe thead th {\n",
              "        text-align: right;\n",
              "    }\n",
              "</style>\n",
              "<table border=\"1\" class=\"dataframe\">\n",
              "  <thead>\n",
              "    <tr style=\"text-align: right;\">\n",
              "      <th></th>\n",
              "      <th>age</th>\n",
              "      <th>sex</th>\n",
              "      <th>bmi</th>\n",
              "      <th>bp</th>\n",
              "      <th>s1</th>\n",
              "      <th>s2</th>\n",
              "      <th>s3</th>\n",
              "      <th>s4</th>\n",
              "      <th>s5</th>\n",
              "      <th>s6</th>\n",
              "    </tr>\n",
              "  </thead>\n",
              "  <tbody>\n",
              "    <tr>\n",
              "      <th>0</th>\n",
              "      <td>0.038076</td>\n",
              "      <td>0.050680</td>\n",
              "      <td>0.061696</td>\n",
              "      <td>0.021872</td>\n",
              "      <td>-0.044223</td>\n",
              "      <td>-0.034821</td>\n",
              "      <td>-0.043401</td>\n",
              "      <td>-0.002592</td>\n",
              "      <td>0.019908</td>\n",
              "      <td>-0.017646</td>\n",
              "    </tr>\n",
              "    <tr>\n",
              "      <th>1</th>\n",
              "      <td>-0.001882</td>\n",
              "      <td>-0.044642</td>\n",
              "      <td>-0.051474</td>\n",
              "      <td>-0.026328</td>\n",
              "      <td>-0.008449</td>\n",
              "      <td>-0.019163</td>\n",
              "      <td>0.074412</td>\n",
              "      <td>-0.039493</td>\n",
              "      <td>-0.068330</td>\n",
              "      <td>-0.092204</td>\n",
              "    </tr>\n",
              "    <tr>\n",
              "      <th>2</th>\n",
              "      <td>0.085299</td>\n",
              "      <td>0.050680</td>\n",
              "      <td>0.044451</td>\n",
              "      <td>-0.005671</td>\n",
              "      <td>-0.045599</td>\n",
              "      <td>-0.034194</td>\n",
              "      <td>-0.032356</td>\n",
              "      <td>-0.002592</td>\n",
              "      <td>0.002864</td>\n",
              "      <td>-0.025930</td>\n",
              "    </tr>\n",
              "    <tr>\n",
              "      <th>3</th>\n",
              "      <td>-0.089063</td>\n",
              "      <td>-0.044642</td>\n",
              "      <td>-0.011595</td>\n",
              "      <td>-0.036656</td>\n",
              "      <td>0.012191</td>\n",
              "      <td>0.024991</td>\n",
              "      <td>-0.036038</td>\n",
              "      <td>0.034309</td>\n",
              "      <td>0.022692</td>\n",
              "      <td>-0.009362</td>\n",
              "    </tr>\n",
              "    <tr>\n",
              "      <th>4</th>\n",
              "      <td>0.005383</td>\n",
              "      <td>-0.044642</td>\n",
              "      <td>-0.036385</td>\n",
              "      <td>0.021872</td>\n",
              "      <td>0.003935</td>\n",
              "      <td>0.015596</td>\n",
              "      <td>0.008142</td>\n",
              "      <td>-0.002592</td>\n",
              "      <td>-0.031991</td>\n",
              "      <td>-0.046641</td>\n",
              "    </tr>\n",
              "  </tbody>\n",
              "</table>\n",
              "</div>\n",
              "      <button class=\"colab-df-convert\" onclick=\"convertToInteractive('df-5b3f6d9d-8483-4c3a-b21a-615becd2ec2e')\"\n",
              "              title=\"Convert this dataframe to an interactive table.\"\n",
              "              style=\"display:none;\">\n",
              "        \n",
              "  <svg xmlns=\"http://www.w3.org/2000/svg\" height=\"24px\"viewBox=\"0 0 24 24\"\n",
              "       width=\"24px\">\n",
              "    <path d=\"M0 0h24v24H0V0z\" fill=\"none\"/>\n",
              "    <path d=\"M18.56 5.44l.94 2.06.94-2.06 2.06-.94-2.06-.94-.94-2.06-.94 2.06-2.06.94zm-11 1L8.5 8.5l.94-2.06 2.06-.94-2.06-.94L8.5 2.5l-.94 2.06-2.06.94zm10 10l.94 2.06.94-2.06 2.06-.94-2.06-.94-.94-2.06-.94 2.06-2.06.94z\"/><path d=\"M17.41 7.96l-1.37-1.37c-.4-.4-.92-.59-1.43-.59-.52 0-1.04.2-1.43.59L10.3 9.45l-7.72 7.72c-.78.78-.78 2.05 0 2.83L4 21.41c.39.39.9.59 1.41.59.51 0 1.02-.2 1.41-.59l7.78-7.78 2.81-2.81c.8-.78.8-2.07 0-2.86zM5.41 20L4 18.59l7.72-7.72 1.47 1.35L5.41 20z\"/>\n",
              "  </svg>\n",
              "      </button>\n",
              "      \n",
              "  <style>\n",
              "    .colab-df-container {\n",
              "      display:flex;\n",
              "      flex-wrap:wrap;\n",
              "      gap: 12px;\n",
              "    }\n",
              "\n",
              "    .colab-df-convert {\n",
              "      background-color: #E8F0FE;\n",
              "      border: none;\n",
              "      border-radius: 50%;\n",
              "      cursor: pointer;\n",
              "      display: none;\n",
              "      fill: #1967D2;\n",
              "      height: 32px;\n",
              "      padding: 0 0 0 0;\n",
              "      width: 32px;\n",
              "    }\n",
              "\n",
              "    .colab-df-convert:hover {\n",
              "      background-color: #E2EBFA;\n",
              "      box-shadow: 0px 1px 2px rgba(60, 64, 67, 0.3), 0px 1px 3px 1px rgba(60, 64, 67, 0.15);\n",
              "      fill: #174EA6;\n",
              "    }\n",
              "\n",
              "    [theme=dark] .colab-df-convert {\n",
              "      background-color: #3B4455;\n",
              "      fill: #D2E3FC;\n",
              "    }\n",
              "\n",
              "    [theme=dark] .colab-df-convert:hover {\n",
              "      background-color: #434B5C;\n",
              "      box-shadow: 0px 1px 3px 1px rgba(0, 0, 0, 0.15);\n",
              "      filter: drop-shadow(0px 1px 2px rgba(0, 0, 0, 0.3));\n",
              "      fill: #FFFFFF;\n",
              "    }\n",
              "  </style>\n",
              "\n",
              "      <script>\n",
              "        const buttonEl =\n",
              "          document.querySelector('#df-5b3f6d9d-8483-4c3a-b21a-615becd2ec2e button.colab-df-convert');\n",
              "        buttonEl.style.display =\n",
              "          google.colab.kernel.accessAllowed ? 'block' : 'none';\n",
              "\n",
              "        async function convertToInteractive(key) {\n",
              "          const element = document.querySelector('#df-5b3f6d9d-8483-4c3a-b21a-615becd2ec2e');\n",
              "          const dataTable =\n",
              "            await google.colab.kernel.invokeFunction('convertToInteractive',\n",
              "                                                     [key], {});\n",
              "          if (!dataTable) return;\n",
              "\n",
              "          const docLinkHtml = 'Like what you see? Visit the ' +\n",
              "            '<a target=\"_blank\" href=https://colab.research.google.com/notebooks/data_table.ipynb>data table notebook</a>'\n",
              "            + ' to learn more about interactive tables.';\n",
              "          element.innerHTML = '';\n",
              "          dataTable['output_type'] = 'display_data';\n",
              "          await google.colab.output.renderOutput(dataTable, element);\n",
              "          const docLink = document.createElement('div');\n",
              "          docLink.innerHTML = docLinkHtml;\n",
              "          element.appendChild(docLink);\n",
              "        }\n",
              "      </script>\n",
              "    </div>\n",
              "  </div>\n",
              "  "
            ],
            "text/plain": [
              "        age       sex       bmi  ...        s4        s5        s6\n",
              "0  0.038076  0.050680  0.061696  ... -0.002592  0.019908 -0.017646\n",
              "1 -0.001882 -0.044642 -0.051474  ... -0.039493 -0.068330 -0.092204\n",
              "2  0.085299  0.050680  0.044451  ... -0.002592  0.002864 -0.025930\n",
              "3 -0.089063 -0.044642 -0.011595  ...  0.034309  0.022692 -0.009362\n",
              "4  0.005383 -0.044642 -0.036385  ... -0.002592 -0.031991 -0.046641\n",
              "\n",
              "[5 rows x 10 columns]"
            ]
          },
          "metadata": {},
          "execution_count": 8
        }
      ]
    },
    {
      "cell_type": "code",
      "source": [
        "df.columns\n"
      ],
      "metadata": {
        "colab": {
          "base_uri": "https://localhost:8080/"
        },
        "id": "RuXxH-AOR_O2",
        "outputId": "497f009a-1a63-4b6f-fc85-a4495710e415"
      },
      "execution_count": 9,
      "outputs": [
        {
          "output_type": "execute_result",
          "data": {
            "text/plain": [
              "Index(['age', 'sex', 'bmi', 'bp', 's1', 's2', 's3', 's4', 's5', 's6'], dtype='object')"
            ]
          },
          "metadata": {},
          "execution_count": 9
        }
      ]
    },
    {
      "cell_type": "code",
      "source": [
        "### To Create the Simple report quickly\n",
        "profile = ProfileReport(df, title='Pandas Profiling Report',explorative=True )"
      ],
      "metadata": {
        "colab": {
          "base_uri": "https://localhost:8080/",
          "height": 693
        },
        "id": "qPGmX7wGR_ST",
        "outputId": "639c732f-f9e1-4c5e-ba75-bd69e9e444c7"
      },
      "execution_count": 20,
      "outputs": [
        {
          "output_type": "error",
          "ename": "TypeError",
          "evalue": "ignored",
          "traceback": [
            "\u001b[0;31m---------------------------------------------------------------------------\u001b[0m",
            "\u001b[0;31mRemoteTraceback\u001b[0m                           Traceback (most recent call last)",
            "\u001b[0;31mRemoteTraceback\u001b[0m: \n\"\"\"\nTraceback (most recent call last):\n  File \"/usr/lib/python3.7/multiprocessing/pool.py\", line 121, in worker\n    result = (True, func(*args, **kwds))\n  File \"/usr/lib/python3.7/multiprocessing/pool.py\", line 44, in mapstar\n    return list(map(*args))\n  File \"/usr/local/lib/python3.7/dist-packages/pandas_profiling/describe.py\", line 282, in multiprocess_func\n    return x[0], describe_1d(x[1], **kwargs)\n  File \"/usr/local/lib/python3.7/dist-packages/pandas_profiling/describe.py\", line 270, in describe_1d\n    result = result.append(describe_numeric_1d(data, **kwargs))\n  File \"/usr/local/lib/python3.7/dist-packages/pandas_profiling/describe.py\", line 54, in describe_numeric_1d\n    stats['histogram'] = histogram(series, **kwargs)\n  File \"/usr/local/lib/python3.7/dist-packages/pandas_profiling/plot.py\", line 73, in histogram\n    plot = _plot_histogram(series, **kwargs)\nTypeError: _plot_histogram() got an unexpected keyword argument 'title'\n\"\"\"",
            "\nThe above exception was the direct cause of the following exception:\n",
            "\u001b[0;31mTypeError\u001b[0m                                 Traceback (most recent call last)",
            "\u001b[0;32m<ipython-input-20-6cfbc3fb8a78>\u001b[0m in \u001b[0;36m<module>\u001b[0;34m()\u001b[0m\n\u001b[1;32m      1\u001b[0m \u001b[0;31m### To Create the Simple report quickly\u001b[0m\u001b[0;34m\u001b[0m\u001b[0;34m\u001b[0m\u001b[0;34m\u001b[0m\u001b[0m\n\u001b[0;32m----> 2\u001b[0;31m \u001b[0mprofile\u001b[0m \u001b[0;34m=\u001b[0m \u001b[0mProfileReport\u001b[0m\u001b[0;34m(\u001b[0m\u001b[0mdf\u001b[0m\u001b[0;34m,\u001b[0m \u001b[0mtitle\u001b[0m\u001b[0;34m=\u001b[0m\u001b[0;34m'Pandas Profiling Report'\u001b[0m\u001b[0;34m,\u001b[0m\u001b[0mexplorative\u001b[0m\u001b[0;34m=\u001b[0m\u001b[0;32mTrue\u001b[0m \u001b[0;34m)\u001b[0m\u001b[0;34m\u001b[0m\u001b[0;34m\u001b[0m\u001b[0m\n\u001b[0m",
            "\u001b[0;32m/usr/local/lib/python3.7/dist-packages/pandas_profiling/__init__.py\u001b[0m in \u001b[0;36m__init__\u001b[0;34m(self, df, **kwargs)\u001b[0m\n\u001b[1;32m     64\u001b[0m         \u001b[0msample\u001b[0m \u001b[0;34m=\u001b[0m \u001b[0mkwargs\u001b[0m\u001b[0;34m.\u001b[0m\u001b[0mget\u001b[0m\u001b[0;34m(\u001b[0m\u001b[0;34m'sample'\u001b[0m\u001b[0;34m,\u001b[0m \u001b[0mdf\u001b[0m\u001b[0;34m.\u001b[0m\u001b[0mhead\u001b[0m\u001b[0;34m(\u001b[0m\u001b[0;34m)\u001b[0m\u001b[0;34m)\u001b[0m\u001b[0;34m\u001b[0m\u001b[0;34m\u001b[0m\u001b[0m\n\u001b[1;32m     65\u001b[0m \u001b[0;34m\u001b[0m\u001b[0m\n\u001b[0;32m---> 66\u001b[0;31m         \u001b[0mdescription_set\u001b[0m \u001b[0;34m=\u001b[0m \u001b[0mdescribe\u001b[0m\u001b[0;34m(\u001b[0m\u001b[0mdf\u001b[0m\u001b[0;34m,\u001b[0m \u001b[0;34m**\u001b[0m\u001b[0mkwargs\u001b[0m\u001b[0;34m)\u001b[0m\u001b[0;34m\u001b[0m\u001b[0;34m\u001b[0m\u001b[0m\n\u001b[0m\u001b[1;32m     67\u001b[0m \u001b[0;34m\u001b[0m\u001b[0m\n\u001b[1;32m     68\u001b[0m         self.html = to_html(sample,\n",
            "\u001b[0;32m/usr/local/lib/python3.7/dist-packages/pandas_profiling/describe.py\u001b[0m in \u001b[0;36mdescribe\u001b[0;34m(df, bins, check_correlation, correlation_threshold, correlation_overrides, check_recoded, pool_size, **kwargs)\u001b[0m\n\u001b[1;32m    349\u001b[0m     \u001b[0mpool\u001b[0m \u001b[0;34m=\u001b[0m \u001b[0mmultiprocessing\u001b[0m\u001b[0;34m.\u001b[0m\u001b[0mPool\u001b[0m\u001b[0;34m(\u001b[0m\u001b[0mpool_size\u001b[0m\u001b[0;34m)\u001b[0m\u001b[0;34m\u001b[0m\u001b[0;34m\u001b[0m\u001b[0m\n\u001b[1;32m    350\u001b[0m     \u001b[0mlocal_multiprocess_func\u001b[0m \u001b[0;34m=\u001b[0m \u001b[0mpartial\u001b[0m\u001b[0;34m(\u001b[0m\u001b[0mmultiprocess_func\u001b[0m\u001b[0;34m,\u001b[0m \u001b[0;34m**\u001b[0m\u001b[0mkwargs\u001b[0m\u001b[0;34m)\u001b[0m\u001b[0;34m\u001b[0m\u001b[0;34m\u001b[0m\u001b[0m\n\u001b[0;32m--> 351\u001b[0;31m     \u001b[0mldesc\u001b[0m \u001b[0;34m=\u001b[0m \u001b[0;34m{\u001b[0m\u001b[0mcol\u001b[0m\u001b[0;34m:\u001b[0m \u001b[0ms\u001b[0m \u001b[0;32mfor\u001b[0m \u001b[0mcol\u001b[0m\u001b[0;34m,\u001b[0m \u001b[0ms\u001b[0m \u001b[0;32min\u001b[0m \u001b[0mpool\u001b[0m\u001b[0;34m.\u001b[0m\u001b[0mmap\u001b[0m\u001b[0;34m(\u001b[0m\u001b[0mlocal_multiprocess_func\u001b[0m\u001b[0;34m,\u001b[0m \u001b[0mdf\u001b[0m\u001b[0;34m.\u001b[0m\u001b[0miteritems\u001b[0m\u001b[0;34m(\u001b[0m\u001b[0;34m)\u001b[0m\u001b[0;34m)\u001b[0m\u001b[0;34m}\u001b[0m\u001b[0;34m\u001b[0m\u001b[0;34m\u001b[0m\u001b[0m\n\u001b[0m\u001b[1;32m    352\u001b[0m     \u001b[0mpool\u001b[0m\u001b[0;34m.\u001b[0m\u001b[0mclose\u001b[0m\u001b[0;34m(\u001b[0m\u001b[0;34m)\u001b[0m\u001b[0;34m\u001b[0m\u001b[0;34m\u001b[0m\u001b[0m\n\u001b[1;32m    353\u001b[0m \u001b[0;34m\u001b[0m\u001b[0m\n",
            "\u001b[0;32m/usr/lib/python3.7/multiprocessing/pool.py\u001b[0m in \u001b[0;36mmap\u001b[0;34m(self, func, iterable, chunksize)\u001b[0m\n\u001b[1;32m    266\u001b[0m         \u001b[0;32min\u001b[0m \u001b[0ma\u001b[0m \u001b[0mlist\u001b[0m \u001b[0mthat\u001b[0m \u001b[0;32mis\u001b[0m \u001b[0mreturned\u001b[0m\u001b[0;34m.\u001b[0m\u001b[0;34m\u001b[0m\u001b[0;34m\u001b[0m\u001b[0m\n\u001b[1;32m    267\u001b[0m         '''\n\u001b[0;32m--> 268\u001b[0;31m         \u001b[0;32mreturn\u001b[0m \u001b[0mself\u001b[0m\u001b[0;34m.\u001b[0m\u001b[0m_map_async\u001b[0m\u001b[0;34m(\u001b[0m\u001b[0mfunc\u001b[0m\u001b[0;34m,\u001b[0m \u001b[0miterable\u001b[0m\u001b[0;34m,\u001b[0m \u001b[0mmapstar\u001b[0m\u001b[0;34m,\u001b[0m \u001b[0mchunksize\u001b[0m\u001b[0;34m)\u001b[0m\u001b[0;34m.\u001b[0m\u001b[0mget\u001b[0m\u001b[0;34m(\u001b[0m\u001b[0;34m)\u001b[0m\u001b[0;34m\u001b[0m\u001b[0;34m\u001b[0m\u001b[0m\n\u001b[0m\u001b[1;32m    269\u001b[0m \u001b[0;34m\u001b[0m\u001b[0m\n\u001b[1;32m    270\u001b[0m     \u001b[0;32mdef\u001b[0m \u001b[0mstarmap\u001b[0m\u001b[0;34m(\u001b[0m\u001b[0mself\u001b[0m\u001b[0;34m,\u001b[0m \u001b[0mfunc\u001b[0m\u001b[0;34m,\u001b[0m \u001b[0miterable\u001b[0m\u001b[0;34m,\u001b[0m \u001b[0mchunksize\u001b[0m\u001b[0;34m=\u001b[0m\u001b[0;32mNone\u001b[0m\u001b[0;34m)\u001b[0m\u001b[0;34m:\u001b[0m\u001b[0;34m\u001b[0m\u001b[0;34m\u001b[0m\u001b[0m\n",
            "\u001b[0;32m/usr/lib/python3.7/multiprocessing/pool.py\u001b[0m in \u001b[0;36mget\u001b[0;34m(self, timeout)\u001b[0m\n\u001b[1;32m    655\u001b[0m             \u001b[0;32mreturn\u001b[0m \u001b[0mself\u001b[0m\u001b[0;34m.\u001b[0m\u001b[0m_value\u001b[0m\u001b[0;34m\u001b[0m\u001b[0;34m\u001b[0m\u001b[0m\n\u001b[1;32m    656\u001b[0m         \u001b[0;32melse\u001b[0m\u001b[0;34m:\u001b[0m\u001b[0;34m\u001b[0m\u001b[0;34m\u001b[0m\u001b[0m\n\u001b[0;32m--> 657\u001b[0;31m             \u001b[0;32mraise\u001b[0m \u001b[0mself\u001b[0m\u001b[0;34m.\u001b[0m\u001b[0m_value\u001b[0m\u001b[0;34m\u001b[0m\u001b[0;34m\u001b[0m\u001b[0m\n\u001b[0m\u001b[1;32m    658\u001b[0m \u001b[0;34m\u001b[0m\u001b[0m\n\u001b[1;32m    659\u001b[0m     \u001b[0;32mdef\u001b[0m \u001b[0m_set\u001b[0m\u001b[0;34m(\u001b[0m\u001b[0mself\u001b[0m\u001b[0;34m,\u001b[0m \u001b[0mi\u001b[0m\u001b[0;34m,\u001b[0m \u001b[0mobj\u001b[0m\u001b[0;34m)\u001b[0m\u001b[0;34m:\u001b[0m\u001b[0;34m\u001b[0m\u001b[0;34m\u001b[0m\u001b[0m\n",
            "\u001b[0;31mTypeError\u001b[0m: _plot_histogram() got an unexpected keyword argument 'title'"
          ]
        }
      ]
    }
  ]
}